Performing C SOURCE FILE Test CMAKE_HAVE_LIBC_PTHREAD failed with the following output:
Change Dir: /data/suween/corner_detect/build/CMakeFiles/CMakeTmp

Run Build Command(s):/usr/bin/make -f Makefile cmTC_a4c2e/fast && /usr/bin/make  -f CMakeFiles/cmTC_a4c2e.dir/build.make CMakeFiles/cmTC_a4c2e.dir/build
make[1]: Entering directory '/data/suween/corner_detect/build/CMakeFiles/CMakeTmp'
Building C object CMakeFiles/cmTC_a4c2e.dir/src.c.o
/usr/bin/cc -DCMAKE_HAVE_LIBC_PTHREAD   -o CMakeFiles/cmTC_a4c2e.dir/src.c.o -c /data/suween/corner_detect/build/CMakeFiles/CMakeTmp/src.c
Linking C executable cmTC_a4c2e
/data/share/Software/cmake/cmake-3.20.0-install/bin/cmake -E cmake_link_script CMakeFiles/cmTC_a4c2e.dir/link.txt --verbose=1
/usr/bin/cc -rdynamic CMakeFiles/cmTC_a4c2e.dir/src.c.o -o cmTC_a4c2e 
CMakeFiles/cmTC_a4c2e.dir/src.c.o: In function `main':
src.c:(.text+0x3e): undefined reference to `pthread_create'
src.c:(.text+0x4a): undefined reference to `pthread_detach'
src.c:(.text+0x56): undefined reference to `pthread_cancel'
src.c:(.text+0x67): undefined reference to `pthread_join'
src.c:(.text+0x7b): undefined reference to `pthread_atfork'
collect2: error: ld returned 1 exit status
CMakeFiles/cmTC_a4c2e.dir/build.make:98: recipe for target 'cmTC_a4c2e' failed
make[1]: *** [cmTC_a4c2e] Error 1
make[1]: Leaving directory '/data/suween/corner_detect/build/CMakeFiles/CMakeTmp'
Makefile:127: recipe for target 'cmTC_a4c2e/fast' failed
make: *** [cmTC_a4c2e/fast] Error 2


Source file was:
#include <pthread.h>

static void* test_func(void* data)
{
  return data;
}

int main(void)
{
  pthread_t thread;
  pthread_create(&thread, NULL, test_func, NULL);
  pthread_detach(thread);
  pthread_cancel(thread);
  pthread_join(thread, NULL);
  pthread_atfork(NULL, NULL, NULL);
  pthread_exit(NULL);

  return 0;
}

Determining if the function pthread_create exists in the pthreads failed with the following output:
Change Dir: /data/suween/corner_detect/build/CMakeFiles/CMakeTmp

Run Build Command(s):/usr/bin/make -f Makefile cmTC_4b359/fast && /usr/bin/make  -f CMakeFiles/cmTC_4b359.dir/build.make CMakeFiles/cmTC_4b359.dir/build
make[1]: Entering directory '/data/suween/corner_detect/build/CMakeFiles/CMakeTmp'
Building C object CMakeFiles/cmTC_4b359.dir/CheckFunctionExists.c.o
/usr/bin/cc   -DCHECK_FUNCTION_EXISTS=pthread_create -o CMakeFiles/cmTC_4b359.dir/CheckFunctionExists.c.o -c /data/share/Software/cmake/cmake-3.20.0-install/share/cmake-3.20/Modules/CheckFunctionExists.c
Linking C executable cmTC_4b359
/data/share/Software/cmake/cmake-3.20.0-install/bin/cmake -E cmake_link_script CMakeFiles/cmTC_4b359.dir/link.txt --verbose=1
/usr/bin/cc  -DCHECK_FUNCTION_EXISTS=pthread_create -rdynamic CMakeFiles/cmTC_4b359.dir/CheckFunctionExists.c.o -o cmTC_4b359  -lpthreads 
/usr/bin/ld: cannot find -lpthreads
collect2: error: ld returned 1 exit status
CMakeFiles/cmTC_4b359.dir/build.make:98: recipe for target 'cmTC_4b359' failed
make[1]: *** [cmTC_4b359] Error 1
make[1]: Leaving directory '/data/suween/corner_detect/build/CMakeFiles/CMakeTmp'
Makefile:127: recipe for target 'cmTC_4b359/fast' failed
make: *** [cmTC_4b359/fast] Error 2



